<?xml version="1.0" encoding="UTF-8"?>
<testng-results ignored="0" total="1" passed="1" failed="0" skipped="0">
  <reporter-output>
  </reporter-output>
  <suite started-at="2023-10-18T11:15:03 IST" name="Default suite" finished-at="2023-10-18T11:15:17 IST" duration-ms="13954">
    <groups>
    </groups>
    <test started-at="2023-10-18T11:15:03 IST" name="Default test" finished-at="2023-10-18T11:15:17 IST" duration-ms="13954">
      <class name="seleniumframework.standalone.submitordertest">
        <test-method is-config="true" signature="Launchapplication()[pri:0, instance:seleniumframework.standalone.submitordertest@38cee291]" started-at="2023-10-18T11:15:03 IST" name="Launchapplication" finished-at="2023-10-18T11:15:08 IST" duration-ms="4476" status="PASS">
          <reporter-output>
          </reporter-output>
        </test-method> <!-- Launchapplication -->
        <test-method signature="submitorder()[pri:0, instance:seleniumframework.standalone.submitordertest@38cee291]" started-at="2023-10-18T11:15:08 IST" name="submitorder" finished-at="2023-10-18T11:15:17 IST" duration-ms="9275" status="PASS">
          <reporter-output>
          </reporter-output>
        </test-method> <!-- submitorder -->
        <test-method is-config="true" signature="closebrowser()[pri:0, instance:seleniumframework.standalone.submitordertest@38cee291]" started-at="2023-10-18T11:15:17 IST" name="closebrowser" finished-at="2023-10-18T11:15:17 IST" duration-ms="146" status="PASS">
          <reporter-output>
          </reporter-output>
        </test-method> <!-- closebrowser -->
      </class> <!-- seleniumframework.standalone.submitordertest -->
    </test> <!-- Default test -->
  </suite> <!-- Default suite -->
</testng-results>
